<?xml version="1.0" encoding="UTF-8"?>
<testsuite name="ru.stqa.pft.addressbook.tests.ContactPhoneTests" tests="1" skipped="0" failures="0" errors="0" timestamp="2019-07-20T19:12:52" hostname="DESKTOP-U0KV4H3" time="0.466">
  <properties/>
  <testcase name="TestContactPhones" classname="ru.stqa.pft.addressbook.tests.ContactPhoneTests" time="0.466"/>
  <system-out><![CDATA[]]></system-out>
  <system-err><![CDATA[]]></system-err>
</testsuite>
